../../node_modules/.pnpm/@clerk+backend@2.27.1_react_889c80068f77e1b763b0218c92043467/node_modules/@clerk/backend/dist/api/endpoints/M2MTokenApi.d.ts(38,5): error TS18028: Private identifiers are only available when targeting ECMAScript 2015 and higher.
../../node_modules/.pnpm/@clerk+shared@3.40.0_react-_616999da656e843a6e39f7cb83ef674f/node_modules/@clerk/shared/dist/runtime/telemetry.d.ts(51,3): error TS18028: Private identifiers are only available when targeting ECMAScript 2015 and higher.
../../node_modules/.pnpm/@convex-dev+agent@0.3.2_@ai_72d6f3b5aecc3f9ca9b55b9789897573/node_modules/@convex-dev/agent/dist/client/index.d.ts(259,183): error TS2344: Type 'OUTPUT' does not satisfy the constraint 'Output<any, any>'.
../../node_modules/.pnpm/@convex-dev+agent@0.3.2_@ai_72d6f3b5aecc3f9ca9b55b9789897573/node_modules/@convex-dev/agent/dist/client/index.d.ts(292,80): error TS2344: Type 'PARTIAL_OUTPUT' does not satisfy the constraint 'Output<any, any>'.
../../node_modules/.pnpm/@convex-dev+agent@0.3.2_@ai_72d6f3b5aecc3f9ca9b55b9789897573/node_modules/@convex-dev/agent/dist/client/index.d.ts(334,64): error TS2344: Type 'SCHEMA' does not satisfy the constraint 'FlexibleSchema<unknown>'.
  Type 'import("C:/Users/shubh/OneDrive/Desktop/ai-support-platform/deskpilot/node_modules/.pnpm/@ai-sdk+provider-utils@3.0.19_zod@3.25.76/node_modules/@ai-sdk/provider-utils/dist/index").FlexibleSchema<unknown>' is not assignable to type 'import("C:/Users/shubh/OneDrive/Desktop/ai-support-platform/deskpilot/node_modules/.pnpm/@ai-sdk+provider-utils@4.0.0_zod@3.25.76/node_modules/@ai-sdk/provider-utils/dist/index").FlexibleSchema<unknown>'.
    Type 'Schema<unknown>' is not assignable to type 'FlexibleSchema<unknown>'.
      Property '[schemaSymbol]' is missing in type 'import("C:/Users/shubh/OneDrive/Desktop/ai-support-platform/deskpilot/node_modules/.pnpm/@ai-sdk+provider-utils@3.0.19_zod@3.25.76/node_modules/@ai-sdk/provider-utils/dist/index").Schema<unknown>' but required in type 'import("C:/Users/shubh/OneDrive/Desktop/ai-support-platform/deskpilot/node_modules/.pnpm/@ai-sdk+provider-utils@4.0.0_zod@3.25.76/node_modules/@ai-sdk/provider-utils/dist/index").Schema<unknown>'.
        Type 'SCHEMA' is not assignable to type '$ZodType<unknown, any, $ZodTypeInternals<unknown, any>>'.
          Type 'FlexibleSchema<unknown>' is not assignable to type '$ZodType<unknown, any, $ZodTypeInternals<unknown, any>>'.
            Property '_zod' is missing in type 'ZodType<unknown, ZodTypeDef, any>' but required in type '$ZodType<unknown, any, $ZodTypeInternals<unknown, any>>'.
../../node_modules/.pnpm/@convex-dev+agent@0.3.2_@ai_72d6f3b5aecc3f9ca9b55b9789897573/node_modules/@convex-dev/agent/dist/client/search.d.ts(8,34): error TS2315: Type 'EmbeddingModel' is not generic.
../../node_modules/.pnpm/@convex-dev+agent@0.3.2_@ai_72d6f3b5aecc3f9ca9b55b9789897573/node_modules/@convex-dev/agent/dist/client/search.d.ts(352,25): error TS2315: Type 'EmbeddingModel' is not generic.
../../node_modules/.pnpm/@convex-dev+agent@0.3.2_@ai_72d6f3b5aecc3f9ca9b55b9789897573/node_modules/@convex-dev/agent/dist/client/streaming.d.ts(2315,5): error TS18028: Private identifiers are only available when targeting ECMAScript 2015 and higher.
../../node_modules/.pnpm/@convex-dev+agent@0.3.2_@ai_72d6f3b5aecc3f9ca9b55b9789897573/node_modules/@convex-dev/agent/dist/client/types.d.ts(69,26): error TS2315: Type 'EmbeddingModel' is not generic.
../../node_modules/.pnpm/@convex-dev+agent@0.3.2_@ai_72d6f3b5aecc3f9ca9b55b9789897573/node_modules/@convex-dev/agent/dist/client/types.d.ts(281,155): error TS2344: Type 'typeof generateText<TOOLS extends undefined ? AgentTools : TOOLS, OUTPUT, OUTPUT_PARTIAL>' does not satisfy the constraint '(...args: any) => any'.
  Type 'typeof generateText<TOOLS extends undefined ? AgentTools : TOOLS, OUTPUT, OUTPUT_PARTIAL>' provides no match for the signature '(...args: any): any'.
../../node_modules/.pnpm/@convex-dev+agent@0.3.2_@ai_72d6f3b5aecc3f9ca9b55b9789897573/node_modules/@convex-dev/agent/dist/client/types.d.ts(281,175): error TS2635: Type '<TOOLS extends ToolSet, OUTPUT extends Output = Output<string, string>>({ model: modelArg, tools, toolChoice, system, prompt, messages, maxRetries: maxRetriesArg, abortSignal, headers, stopWhen, experimental_output, output, experimental_telemetry: telemetry, providerOptions, experimental_activeTools, activeTools, ex...' has no signatures for which the type argument list is applicable.
../../node_modules/.pnpm/@convex-dev+agent@0.3.2_@ai_72d6f3b5aecc3f9ca9b55b9789897573/node_modules/@convex-dev/agent/dist/client/types.d.ts(288,164): error TS2344: Type 'typeof streamText<TOOLS extends undefined ? AgentTools : TOOLS, OUTPUT, OUTPUT_PARTIAL>' does not satisfy the constraint '(...args: any) => any'.
  Type 'typeof streamText<TOOLS extends undefined ? AgentTools : TOOLS, OUTPUT, OUTPUT_PARTIAL>' provides no match for the signature '(...args: any): any'.
../../node_modules/.pnpm/@convex-dev+agent@0.3.2_@ai_72d6f3b5aecc3f9ca9b55b9789897573/node_modules/@convex-dev/agent/dist/client/types.d.ts(288,182): error TS2635: Type '<TOOLS extends ToolSet, OUTPUT extends Output = Output<string, string>>({ model, tools, toolChoice, system, prompt, messages, maxRetries, abortSignal, headers, stopWhen, experimental_output, output, experimental_telemetry: telemetry, prepareStep, providerOptions, experimental_activeTools, activeTools, experimental_r...' has no signatures for which the type argument list is applicable.
../../node_modules/.pnpm/@convex-dev+agent@0.3.2_@ai_72d6f3b5aecc3f9ca9b55b9789897573/node_modules/@convex-dev/agent/dist/client/types.d.ts(296,322): error TS2344: Type 'SCHEMA' does not satisfy the constraint 'FlexibleSchema<unknown>'.
  Type 'import("C:/Users/shubh/OneDrive/Desktop/ai-support-platform/deskpilot/node_modules/.pnpm/@ai-sdk+provider-utils@3.0.19_zod@3.25.76/node_modules/@ai-sdk/provider-utils/dist/index").FlexibleSchema<unknown>' is not assignable to type 'import("C:/Users/shubh/OneDrive/Desktop/ai-support-platform/deskpilot/node_modules/.pnpm/@ai-sdk+provider-utils@4.0.0_zod@3.25.76/node_modules/@ai-sdk/provider-utils/dist/index").FlexibleSchema<unknown>'.
    Type 'Schema<unknown>' is not assignable to type 'FlexibleSchema<unknown>'.
      Property '[schemaSymbol]' is missing in type 'import("C:/Users/shubh/OneDrive/Desktop/ai-support-platform/deskpilot/node_modules/.pnpm/@ai-sdk+provider-utils@3.0.19_zod@3.25.76/node_modules/@ai-sdk/provider-utils/dist/index").Schema<unknown>' but required in type 'import("C:/Users/shubh/OneDrive/Desktop/ai-support-platform/deskpilot/node_modules/.pnpm/@ai-sdk+provider-utils@4.0.0_zod@3.25.76/node_modules/@ai-sdk/provider-utils/dist/index").Schema<unknown>'.
        Type 'SCHEMA' is not assignable to type '$ZodType<unknown, any, $ZodTypeInternals<unknown, any>>'.
          Type 'FlexibleSchema<unknown>' is not assignable to type '$ZodType<unknown, any, $ZodTypeInternals<unknown, any>>'.
            Property '_zod' is missing in type 'ZodType<unknown, ZodTypeDef, any>' but required in type '$ZodType<unknown, any, $ZodTypeInternals<unknown, any>>'.
../../node_modules/.pnpm/@convex-dev+agent@0.3.2_@ai_72d6f3b5aecc3f9ca9b55b9789897573/node_modules/@convex-dev/agent/dist/client/types.d.ts(300,318): error TS2344: Type 'SCHEMA' does not satisfy the constraint 'FlexibleSchema<unknown>'.
  Type 'import("C:/Users/shubh/OneDrive/Desktop/ai-support-platform/deskpilot/node_modules/.pnpm/@ai-sdk+provider-utils@3.0.19_zod@3.25.76/node_modules/@ai-sdk/provider-utils/dist/index").FlexibleSchema<unknown>' is not assignable to type 'import("C:/Users/shubh/OneDrive/Desktop/ai-support-platform/deskpilot/node_modules/.pnpm/@ai-sdk+provider-utils@4.0.0_zod@3.25.76/node_modules/@ai-sdk/provider-utils/dist/index").FlexibleSchema<unknown>'.
    Type 'Schema<unknown>' is not assignable to type 'FlexibleSchema<unknown>'.
      Property '[schemaSymbol]' is missing in type 'import("C:/Users/shubh/OneDrive/Desktop/ai-support-platform/deskpilot/node_modules/.pnpm/@ai-sdk+provider-utils@3.0.19_zod@3.25.76/node_modules/@ai-sdk/provider-utils/dist/index").Schema<unknown>' but required in type 'import("C:/Users/shubh/OneDrive/Desktop/ai-support-platform/deskpilot/node_modules/.pnpm/@ai-sdk+provider-utils@4.0.0_zod@3.25.76/node_modules/@ai-sdk/provider-utils/dist/index").Schema<unknown>'.
        Type 'SCHEMA' is not assignable to type '$ZodType<unknown, any, $ZodTypeInternals<unknown, any>>'.
          Type 'FlexibleSchema<unknown>' is not assignable to type '$ZodType<unknown, any, $ZodTypeInternals<unknown, any>>'.
            Property '_zod' is missing in type 'ZodType<unknown, ZodTypeDef, any>' but required in type '$ZodType<unknown, any, $ZodTypeInternals<unknown, any>>'.
../../node_modules/.pnpm/@convex-dev+agent@0.3.2_@ai_72d6f3b5aecc3f9ca9b55b9789897573/node_modules/@convex-dev/agent/dist/client/types.d.ts(356,321): error TS2344: Type 'OUTPUT' does not satisfy the constraint 'Output<any, any>'.
../../node_modules/.pnpm/@convex-dev+agent@0.3.2_@ai_72d6f3b5aecc3f9ca9b55b9789897573/node_modules/@convex-dev/agent/dist/client/types.d.ts(379,82): error TS2344: Type 'PARTIAL_OUTPUT' does not satisfy the constraint 'Output<any, any>'.
../../node_modules/.pnpm/@convex-dev+agent@0.3.2_@ai_72d6f3b5aecc3f9ca9b55b9789897573/node_modules/@convex-dev/agent/dist/client/types.d.ts(405,138): error TS2344: Type 'SCHEMA' does not satisfy the constraint 'FlexibleSchema<unknown>'.
  Type 'import("C:/Users/shubh/OneDrive/Desktop/ai-support-platform/deskpilot/node_modules/.pnpm/@ai-sdk+provider-utils@3.0.19_zod@3.25.76/node_modules/@ai-sdk/provider-utils/dist/index").FlexibleSchema<unknown>' is not assignable to type 'import("C:/Users/shubh/OneDrive/Desktop/ai-support-platform/deskpilot/node_modules/.pnpm/@ai-sdk+provider-utils@4.0.0_zod@3.25.76/node_modules/@ai-sdk/provider-utils/dist/index").FlexibleSchema<unknown>'.
    Type 'Schema<unknown>' is not assignable to type 'FlexibleSchema<unknown>'.
      Property '[schemaSymbol]' is missing in type 'import("C:/Users/shubh/OneDrive/Desktop/ai-support-platform/deskpilot/node_modules/.pnpm/@ai-sdk+provider-utils@3.0.19_zod@3.25.76/node_modules/@ai-sdk/provider-utils/dist/index").Schema<unknown>' but required in type 'import("C:/Users/shubh/OneDrive/Desktop/ai-support-platform/deskpilot/node_modules/.pnpm/@ai-sdk+provider-utils@4.0.0_zod@3.25.76/node_modules/@ai-sdk/provider-utils/dist/index").Schema<unknown>'.
        Type 'SCHEMA' is not assignable to type '$ZodType<unknown, any, $ZodTypeInternals<unknown, any>>'.
          Type 'FlexibleSchema<unknown>' is not assignable to type '$ZodType<unknown, any, $ZodTypeInternals<unknown, any>>'.
            Property '_zod' is missing in type 'ZodType<unknown, ZodTypeDef, any>' but required in type '$ZodType<unknown, any, $ZodTypeInternals<unknown, any>>'.
../../node_modules/.pnpm/convex-helpers@0.1.108_@sta_1265c07ca1133dfac760b799f8874a5f/node_modules/convex-helpers/index.ts(16,22): error TS2802: Type 'Iterable<FromType>' can only be iterated through when using the '--downlevelIteration' flag or with a '--target' of 'es2015' or higher.
../../node_modules/.pnpm/convex-helpers@0.1.108_@sta_1265c07ca1133dfac760b799f8874a5f/node_modules/convex-helpers/validators.ts(717,34): error TS2802: Type 'ArrayIterator<[number, any]>' can only be iterated through when using the '--downlevelIteration' flag or with a '--target' of 'es2015' or higher.
